<?xml version="1.0" encoding="UTF-8"?>
<testng-results skipped="0" failed="0" ignored="0" total="1" passed="1">
  <reporter-output>
  </reporter-output>
  <suite name="Default suite" duration-ms="63" started-at="2022-08-02T09:31:22 GMT-08:00" finished-at="2022-08-02T09:31:22 GMT-08:00">
    <groups>
    </groups>
    <test name="Default test" duration-ms="63" started-at="2022-08-02T09:31:22 GMT-08:00" finished-at="2022-08-02T09:31:22 GMT-08:00">
      <class name="CMD.TC_DW_012_Test">
        <test-method status="PASS" signature="demo()[pri:0, instance:CMD.TC_DW_012_Test@d44fc21]" name="demo" duration-ms="11" started-at="2022-08-02T09:31:22 GMT-08:00" finished-at="2022-08-02T09:31:22 GMT-08:00">
          <reporter-output>
          </reporter-output>
        </test-method> <!-- demo -->
      </class> <!-- CMD.TC_DW_012_Test -->
    </test> <!-- Default test -->
  </suite> <!-- Default suite -->
</testng-results>
